<?xml version="1.0" encoding="UTF-8"?>
<Site BuildName="(empty)"
	BuildStamp="20251213-1246-Experimental"
	Name="omen"
	Generator="ctest-3.22.1"
	CompilerName="/usr/bin/c++"
	CompilerVersion="11.4.0"
	OSName="Linux"
	Hostname="omen"
	OSRelease="6.8.0-87-generic"
	OSVersion="#88~22.04.1-Ubuntu SMP PREEMPT_DYNAMIC Tue Oct 14 14:03:14 UTC 2"
	OSPlatform="x86_64"
	Is64Bits="1"
	VendorString="GenuineIntel"
	VendorID="Intel Corporation"
	FamilyID="6"
	ModelID="183"
	ProcessorCacheSize="30720"
	NumberOfLogicalCPU="24"
	NumberOfPhysicalCPU="16"
	TotalVirtualMemory="2047"
	TotalPhysicalMemory="13676"
	LogicalProcessorsPerPhysical="1"
	ProcessorClockFrequency="1995.46"
	>
	<Testing>
		<StartDateTime>Dec 13 18:16 IST</StartDateTime>
		<StartTestTime>1765629996</StartTestTime>
		<TestList/>
		<EndDateTime>Dec 13 18:16 IST</EndDateTime>
		<EndTestTime>1765629996</EndTestTime>
		<ElapsedMinutes>0</ElapsedMinutes>
	</Testing>
</Site>
