[0.016s] Invoking command in '/home/azidozide/px4_sitl_ws/build/object_tracking_cpp': CMAKE_PREFIX_PATH=/home/azidozide/px4_sitl_ws/install/object_tracker:/opt/ros/humble:/home/azidozide/px4_sitl_ws/install/swarm_control:/home/azidozide/px4_sitl_ws/install/px4_msgs:/home/azidozide/px4_sitl_ws/install/object_tracking_cpp:/home/azidozide/px4_sitl_ws/install/mapping:/home/azidozide/px4_sitl_ws/install/integrated_drone_mapping:/home/azidozide/px4_sitl_ws/install/mine_mapping /usr/bin/cmake --build /home/azidozide/px4_sitl_ws/build/object_tracking_cpp -- -j24 -l24
[0.074s] [35m[1mConsolidate compiler generated dependencies of target mothernode[0m
[0.090s] [ 25%] Built target follower_2
[0.091s] [ 37%] [32mBuilding CXX object CMakeFiles/mothernode.dir/src/mothernode.cpp.o[0m
[0.091s] [ 50%] [32mBuilding CXX object CMakeFiles/follower_1.dir/src/follower1.cpp.o[0m
[0.092s] [ 75%] Built target follower_3
[0.380s] [01m[K/home/azidozide/px4_sitl_ws/src/object_tracking_cpp/src/follower1.cpp:[m[K In constructor â€˜[01m[KOffboard::Offboard()[m[Kâ€™:
[0.380s] [01m[K/home/azidozide/px4_sitl_ws/src/object_tracking_cpp/src/follower1.cpp:545:47:[m[K [01;35m[Kwarning: [m[Kâ€˜[01m[KOffboard::vehicle_odometry_[m[Kâ€™ will be initialized after [[01;35m[K-Wreorder[m[K]
[0.380s]   545 |     px4_msgs::msg::VehicleOdometry::SharedPtr [01;35m[Kvehicle_odometry_[m[K;
[0.380s]       |                                               [01;35m[K^~~~~~~~~~~~~~~~~[m[K
[0.380s] [01m[K/home/azidozide/px4_sitl_ws/src/object_tracking_cpp/src/follower1.cpp:530:11:[m[K [01;35m[Kwarning: [m[K  â€˜[01m[Kfloat Offboard::takeoff_height_[m[Kâ€™ [[01;35m[K-Wreorder[m[K]
[0.380s]   530 |     float [01;35m[Ktakeoff_height_[m[K;
[0.381s]       |           [01;35m[K^~~~~~~~~~~~~~~[m[K
[0.381s] [01m[K/home/azidozide/px4_sitl_ws/src/object_tracking_cpp/src/follower1.cpp:47:5:[m[K [01;35m[Kwarning: [m[K  when initialized here [[01;35m[K-Wreorder[m[K]
[0.381s]    47 |     [01;35m[KOffboard[m[K()
[0.381s]       |     [01;35m[K^~~~~~~~[m[K
[0.408s] [ 87%] [32m[1mLinking CXX executable follower_1[0m
[1.223s] [ 87%] Built target follower_1
[6.692s] [01m[K/home/azidozide/px4_sitl_ws/src/object_tracking_cpp/src/mothernode.cpp:394:79:[m[K [01;31m[Kerror: [m[Kexpected identifier before â€˜[01m[K&[m[Kâ€™ token
[6.692s]   394 |                        double &error_vx, double &error_vy, double &error_vz , [01;31m[K&[m[Kintegrate_error_x , &integrate_error_y , &integrate_error_z)
[6.692s]       |                                                                               [01;31m[K^[m[K
[6.692s] [01m[K/home/azidozide/px4_sitl_ws/src/object_tracking_cpp/src/mothernode.cpp:394:100:[m[K [01;31m[Kerror: [m[Kexpected identifier before â€˜[01m[K&[m[Kâ€™ token
[6.692s]   394 |                        double &error_vx, double &error_vy, double &error_vz , &integrate_error_x , [01;31m[K&[m[Kintegrate_error_y , &integrate_error_z)
[6.692s]       |                                                                                                    [01;31m[K^[m[K
[6.692s] [01m[K/home/azidozide/px4_sitl_ws/src/object_tracking_cpp/src/mothernode.cpp:394:121:[m[K [01;31m[Kerror: [m[Kexpected identifier before â€˜[01m[K&[m[Kâ€™ token
[6.692s]   394 |                        double &error_vx, double &error_vy, double &error_vz , &integrate_error_x , &integrate_error_y , [01;31m[K&[m[Kintegrate_error_z)
[6.692s]       |                                                                                                                         [01;31m[K^[m[K
[6.692s] [01m[K/home/azidozide/px4_sitl_ws/src/object_tracking_cpp/src/mothernode.cpp:[m[K In constructor â€˜[01m[KOffboard::Offboard()[m[Kâ€™:
[6.692s] [01m[K/home/azidozide/px4_sitl_ws/src/object_tracking_cpp/src/mothernode.cpp:538:47:[m[K [01;35m[Kwarning: [m[Kâ€˜[01m[KOffboard::vehicle_odometry_[m[Kâ€™ will be initialized after [[01;35m[K-Wreorder[m[K]
[6.692s]   538 |     px4_msgs::msg::VehicleOdometry::SharedPtr [01;35m[Kvehicle_odometry_[m[K;
[6.692s]       |                                               [01;35m[K^~~~~~~~~~~~~~~~~[m[K
[6.692s] [01m[K/home/azidozide/px4_sitl_ws/src/object_tracking_cpp/src/mothernode.cpp:523:11:[m[K [01;35m[Kwarning: [m[K  â€˜[01m[Kfloat Offboard::takeoff_height_[m[Kâ€™ [[01;35m[K-Wreorder[m[K]
[6.692s]   523 |     float [01;35m[Ktakeoff_height_[m[K;
[6.692s]       |           [01;35m[K^~~~~~~~~~~~~~~[m[K
[6.692s] [01m[K/home/azidozide/px4_sitl_ws/src/object_tracking_cpp/src/mothernode.cpp:47:5:[m[K [01;35m[Kwarning: [m[K  when initialized here [[01;35m[K-Wreorder[m[K]
[6.692s]    47 |     [01;35m[KOffboard[m[K()
[6.692s]       |     [01;35m[K^~~~~~~~[m[K
[6.692s] [01m[K/home/azidozide/px4_sitl_ws/src/object_tracking_cpp/src/mothernode.cpp:[m[K In member function â€˜[01m[Kvoid Offboard::compute_error(double&, double&, double&, double&, double&, double&, int&, int&, int&)[m[Kâ€™:
[6.692s] [01m[K/home/azidozide/px4_sitl_ws/src/object_tracking_cpp/src/mothernode.cpp:394:80:[m[K [01;35m[Kwarning: [m[Kunused parameter â€˜[01m[Kintegrate_error_x[m[Kâ€™ [[01;35m[K-Wunused-parameter[m[K]
[6.692s]   394 |                        double &error_vx, double &error_vy, double &error_vz , [01;35m[K&integrate_error_x[m[K , &integrate_error_y , &integrate_error_z)
[6.693s]       |                                                                               [01;35m[K~^~~~~~~~~~~~~~~~~[m[K
[6.693s] [01m[K/home/azidozide/px4_sitl_ws/src/object_tracking_cpp/src/mothernode.cpp:394:101:[m[K [01;35m[Kwarning: [m[Kunused parameter â€˜[01m[Kintegrate_error_y[m[Kâ€™ [[01;35m[K-Wunused-parameter[m[K]
[6.693s]   394 |                        double &error_vx, double &error_vy, double &error_vz , &integrate_error_x , [01;35m[K&integrate_error_y[m[K , &integrate_error_z)
[6.693s]       |                                                                                                    [01;35m[K~^~~~~~~~~~~~~~~~~[m[K
[6.693s] [01m[K/home/azidozide/px4_sitl_ws/src/object_tracking_cpp/src/mothernode.cpp:394:122:[m[K [01;35m[Kwarning: [m[Kunused parameter â€˜[01m[Kintegrate_error_z[m[Kâ€™ [[01;35m[K-Wunused-parameter[m[K]
[6.693s]   394 |                        double &error_vx, double &error_vy, double &error_vz , &integrate_error_x , &integrate_error_y , [01;35m[K&integrate_error_z[m[K)
[6.693s]       |                                                                                                                         [01;35m[K~^~~~~~~~~~~~~~~~~[m[K
[6.693s] [01m[K/home/azidozide/px4_sitl_ws/src/object_tracking_cpp/src/mothernode.cpp:[m[K In member function â€˜[01m[Kvoid Offboard::tracking_pp_controller(double&, double&, double&)[m[Kâ€™:
[6.693s] [01m[K/home/azidozide/px4_sitl_ws/src/object_tracking_cpp/src/mothernode.cpp:436:22:[m[K [01;31m[Kerror: [m[Kno matching function for call to â€˜[01m[KOffboard::compute_error(double&, double&, double&, double&, double&, double&)[m[Kâ€™
[6.693s]   436 |         [01;31m[Kcompute_error(ex, ey, ez, evx, evy, evz)[m[K;
[6.693s]       |         [01;31m[K~~~~~~~~~~~~~^~~~~~~~~~~~~~~~~~~~~~~~~~~[m[K
[6.693s] [01m[K/home/azidozide/px4_sitl_ws/src/object_tracking_cpp/src/mothernode.cpp:393:10:[m[K [01;36m[Knote: [m[Kcandidate: â€˜[01m[Kvoid Offboard::compute_error(double&, double&, double&, double&, double&, double&, int&, int&, int&)[m[Kâ€™
[6.693s]   393 |     void [01;36m[Kcompute_error[m[K(double &error_x, double &error_y, double &error_z,
[6.693s]       |          [01;36m[K^~~~~~~~~~~~~[m[K
[6.693s] [01m[K/home/azidozide/px4_sitl_ws/src/object_tracking_cpp/src/mothernode.cpp:393:10:[m[K [01;36m[Knote: [m[K  candidate expects 9 arguments, 6 provided
[6.693s] [01m[K/home/azidozide/px4_sitl_ws/src/object_tracking_cpp/src/mothernode.cpp:[m[K In member function â€˜[01m[Kvoid Offboard::command_loop()[m[Kâ€™:
[6.693s] [01m[K/home/azidozide/px4_sitl_ws/src/object_tracking_cpp/src/mothernode.cpp:500:26:[m[K [01;31m[Kerror: [m[Kno matching function for call to â€˜[01m[KOffboard::compute_error(double&, double&, double&, double&, double&, double&)[m[Kâ€™
[6.693s]   500 |             [01;31m[Kcompute_error(ex, ey, ez, evx, evy, evz)[m[K;
[6.693s]       |             [01;31m[K~~~~~~~~~~~~~^~~~~~~~~~~~~~~~~~~~~~~~~~~[m[K
[6.693s] [01m[K/home/azidozide/px4_sitl_ws/src/object_tracking_cpp/src/mothernode.cpp:393:10:[m[K [01;36m[Knote: [m[Kcandidate: â€˜[01m[Kvoid Offboard::compute_error(double&, double&, double&, double&, double&, double&, int&, int&, int&)[m[Kâ€™
[6.693s]   393 |     void [01;36m[Kcompute_error[m[K(double &error_x, double &error_y, double &error_z,
[6.693s]       |          [01;36m[K^~~~~~~~~~~~~[m[K
[6.693s] [01m[K/home/azidozide/px4_sitl_ws/src/object_tracking_cpp/src/mothernode.cpp:393:10:[m[K [01;36m[Knote: [m[K  candidate expects 9 arguments, 6 provided
[6.693s] gmake[2]: *** [CMakeFiles/mothernode.dir/build.make:76: CMakeFiles/mothernode.dir/src/mothernode.cpp.o] Error 1
[6.693s] gmake[1]: *** [CMakeFiles/Makefile2:143: CMakeFiles/mothernode.dir/all] Error 2
[6.694s] gmake: *** [Makefile:146: all] Error 2
[6.694s] Invoked command in '/home/azidozide/px4_sitl_ws/build/object_tracking_cpp' returned '2': CMAKE_PREFIX_PATH=/home/azidozide/px4_sitl_ws/install/object_tracker:/opt/ros/humble:/home/azidozide/px4_sitl_ws/install/swarm_control:/home/azidozide/px4_sitl_ws/install/px4_msgs:/home/azidozide/px4_sitl_ws/install/object_tracking_cpp:/home/azidozide/px4_sitl_ws/install/mapping:/home/azidozide/px4_sitl_ws/install/integrated_drone_mapping:/home/azidozide/px4_sitl_ws/install/mine_mapping /usr/bin/cmake --build /home/azidozide/px4_sitl_ws/build/object_tracking_cpp -- -j24 -l24
