[01m[K/home/azidozide/px4_sitl_ws/src/mine_mapping/src/mine_map_node.cpp:[m[K In constructor â€˜[01m[KMineMapper::MineMapper()[m[Kâ€™:
[01m[K/home/azidozide/px4_sitl_ws/src/mine_mapping/src/mine_map_node.cpp:16:9:[m[K [01;31m[Kerror: [m[Kâ€˜[01m[Kodom_sub_[m[Kâ€™ was not declared in this scope
   16 |         [01;31m[Kodom_sub_[m[K = this->create_subscription<px4_msgs::msg::VehicleOdometry>(
      |         [01;31m[K^~~~~~~~~[m[K
[01m[K/home/azidozide/px4_sitl_ws/src/mine_mapping/src/mine_map_node.cpp:[m[K In member function â€˜[01m[Kvoid MineMapper::odom_callback(px4_msgs::msg::VehicleOdometry_<std::allocator<void> >::SharedPtr)[m[Kâ€™:
[01m[K/home/azidozide/px4_sitl_ws/src/mine_mapping/src/mine_map_node.cpp:28:23:[m[K [01;31m[Kerror: [m[Kâ€˜[01m[Kusing element_type = struct px4_msgs::msg::VehicleOdometry_<std::allocator<void> >[m[Kâ€™ {aka â€˜[01m[Kstruct px4_msgs::msg::VehicleOdometry_<std::allocator<void> >[m[Kâ€™} has no member named â€˜[01m[Kx[m[Kâ€™
   28 |         pos[0] = msg->[01;31m[Kx[m[K;  // Local NED X (North)
      |                       [01;31m[K^[m[K
[01m[K/home/azidozide/px4_sitl_ws/src/mine_mapping/src/mine_map_node.cpp:29:23:[m[K [01;31m[Kerror: [m[Kâ€˜[01m[Kusing element_type = struct px4_msgs::msg::VehicleOdometry_<std::allocator<void> >[m[Kâ€™ {aka â€˜[01m[Kstruct px4_msgs::msg::VehicleOdometry_<std::allocator<void> >[m[Kâ€™} has no member named â€˜[01m[Ky[m[Kâ€™
   29 |         pos[1] = msg->[01;31m[Ky[m[K;  // Local NED Y (East)
      |                       [01;31m[K^[m[K
[01m[K/home/azidozide/px4_sitl_ws/src/mine_mapping/src/mine_map_node.cpp:30:9:[m[K [01;31m[Kerror: [m[Kâ€˜[01m[Kpos_valid_[m[Kâ€™ was not declared in this scope
   30 |         [01;31m[Kpos_valid_[m[K = true;
      |         [01;31m[K^~~~~~~~~~[m[K
gmake[2]: *** [CMakeFiles/mine_mapper.dir/build.make:76: CMakeFiles/mine_mapper.dir/src/mine_map_node.cpp.o] Error 1
gmake[1]: *** [CMakeFiles/Makefile2:165: CMakeFiles/mine_mapper.dir/all] Error 2
gmake: *** [Makefile:146: all] Error 2
