[0.011s] Invoking command in '/home/azidozide/px4_sitl_ws/build/object_tracking_cpp': CMAKE_PREFIX_PATH=/home/azidozide/px4_sitl_ws/install/object_tracker:/opt/ros/humble:/home/azidozide/px4_sitl_ws/install/swarm_control:/home/azidozide/px4_sitl_ws/install/px4_msgs:/home/azidozide/px4_sitl_ws/install/object_tracking_cpp:/home/azidozide/px4_sitl_ws/install/mapping:/home/azidozide/px4_sitl_ws/install/integrated_drone_mapping:/home/azidozide/px4_sitl_ws/install/mine_mapping /usr/bin/cmake --build /home/azidozide/px4_sitl_ws/build/object_tracking_cpp -- -j24 -l24
[0.043s] [35m[1mConsolidate compiler generated dependencies of target yaw_control[0m
[0.053s] [ 20%] Built target follower_1
[0.053s] [ 40%] Built target follower_3
[0.055s] [ 60%] Built target follower_2
[0.055s] [ 80%] Built target mothernode
[0.056s] [ 90%] [32mBuilding CXX object CMakeFiles/yaw_control.dir/src/mother_yaw.cpp.o[0m
[5.198s] [01m[K/home/azidozide/px4_sitl_ws/src/object_tracking_cpp/src/mother_yaw.cpp:449:41:[m[K [01;31m[Kerror: [m[Kâ€˜[01m[KInt32MultiArray[m[Kâ€™ is not a member of â€˜[01m[Kstd_msgs::msg[m[Kâ€™
[5.198s]   449 |     rclcpp::Subscription<std_msgs::msg::[01;31m[KInt32MultiArray[m[K>::SharedPtr hand_distance_sub_;
[5.198s]       |                                         [01;31m[K^~~~~~~~~~~~~~~[m[K
[5.198s] [01m[K/home/azidozide/px4_sitl_ws/src/object_tracking_cpp/src/mother_yaw.cpp:449:56:[m[K [01;31m[Kerror: [m[Ktemplate argument 1 is invalid
[5.198s]   449 |     rclcpp::Subscription<std_msgs::msg::Int32MultiArray[01;31m[K>[m[K::SharedPtr hand_distance_sub_;
[5.198s]       |                                                        [01;31m[K^[m[K
[5.198s] [01m[K/home/azidozide/px4_sitl_ws/src/object_tracking_cpp/src/mother_yaw.cpp:449:56:[m[K [01;31m[Kerror: [m[Ktemplate argument 3 is invalid
[5.198s] [01m[K/home/azidozide/px4_sitl_ws/src/object_tracking_cpp/src/mother_yaw.cpp:449:56:[m[K [01;31m[Kerror: [m[Ktemplate argument 4 is invalid
[5.198s] [01m[K/home/azidozide/px4_sitl_ws/src/object_tracking_cpp/src/mother_yaw.cpp:449:56:[m[K [01;31m[Kerror: [m[Ktemplate argument 5 is invalid
[5.198s] [01m[K/home/azidozide/px4_sitl_ws/src/object_tracking_cpp/src/mother_yaw.cpp:449:59:[m[K [01;31m[Kerror: [m[Kexpected â€˜[01m[K;[m[Kâ€™ at end of member declaration
[5.198s]   449 |     rclcpp::Subscription<std_msgs::msg::Int32MultiArray>::[01;31m[KSharedPtr[m[K hand_distance_sub_;
[5.198s]       |                                                           [01;31m[K^~~~~~~~~[m[K
[5.198s]       |                                                                    [32m[K;[m[K
[5.198s] [01m[K/home/azidozide/px4_sitl_ws/src/object_tracking_cpp/src/mother_yaw.cpp:449:69:[m[K [01;31m[Kerror: [m[Kâ€˜[01m[Khand_distance_sub_[m[Kâ€™ does not name a type
[5.198s]   449 |     rclcpp::Subscription<std_msgs::msg::Int32MultiArray>::SharedPtr [01;31m[Khand_distance_sub_[m[K;
[5.198s]       |                                                                     [01;31m[K^~~~~~~~~~~~~~~~~~[m[K
[5.198s] [01m[K/home/azidozide/px4_sitl_ws/src/object_tracking_cpp/src/mother_yaw.cpp:[m[K In constructor â€˜[01m[KOffboard::Offboard()[m[Kâ€™:
[5.198s] [01m[K/home/azidozide/px4_sitl_ws/src/object_tracking_cpp/src/mother_yaw.cpp:441:47:[m[K [01;35m[Kwarning: [m[Kâ€˜[01m[KOffboard::vehicle_odometry_[m[Kâ€™ will be initialized after [[01;35m[K-Wreorder[m[K]
[5.198s]   441 |     px4_msgs::msg::VehicleOdometry::SharedPtr [01;35m[Kvehicle_odometry_[m[K;
[5.198s]       |                                               [01;35m[K^~~~~~~~~~~~~~~~~[m[K
[5.198s] [01m[K/home/azidozide/px4_sitl_ws/src/object_tracking_cpp/src/mother_yaw.cpp:426:11:[m[K [01;35m[Kwarning: [m[K  â€˜[01m[Kfloat Offboard::takeoff_height_[m[Kâ€™ [[01;35m[K-Wreorder[m[K]
[5.198s]   426 |     float [01;35m[Ktakeoff_height_[m[K;
[5.198s]       |           [01;35m[K^~~~~~~~~~~~~~~[m[K
[5.198s] [01m[K/home/azidozide/px4_sitl_ws/src/object_tracking_cpp/src/mother_yaw.cpp:47:5:[m[K [01;35m[Kwarning: [m[K  when initialized here [[01;35m[K-Wreorder[m[K]
[5.198s]    47 |     [01;35m[KOffboard[m[K()
[5.199s]       |     [01;35m[K^~~~~~~~[m[K
[5.199s] [01m[K/home/azidozide/px4_sitl_ws/src/object_tracking_cpp/src/mother_yaw.cpp:[m[K In member function â€˜[01m[Kvoid Offboard::abs_val(float)[m[Kâ€™:
[5.199s] [01m[K/home/azidozide/px4_sitl_ws/src/object_tracking_cpp/src/mother_yaw.cpp:355:16:[m[K [01;31m[Kerror: [m[Kreturn-statement with a value, in function returning â€˜[01m[Kvoid[m[Kâ€™ [[01;31m[K-fpermissive[m[K]
[5.199s]   355 |         return [01;31m[K-x[m[K;
[5.199s]       |                [01;31m[K^~[m[K
[5.199s] [01m[K/home/azidozide/px4_sitl_ws/src/object_tracking_cpp/src/mother_yaw.cpp:357:14:[m[K [01;31m[Kerror: [m[Kreturn-statement with a value, in function returning â€˜[01m[Kvoid[m[Kâ€™ [[01;31m[K-fpermissive[m[K]
[5.199s]   357 |       return [01;31m[Kx[m[K;
[5.199s]       |              [01;31m[K^[m[K
[5.199s] [01m[K/home/azidozide/px4_sitl_ws/src/object_tracking_cpp/src/mother_yaw.cpp:[m[K In member function â€˜[01m[Kvoid Offboard::command_loop()[m[Kâ€™:
[5.199s] [01m[K/home/azidozide/px4_sitl_ws/src/object_tracking_cpp/src/mother_yaw.cpp:401:33:[m[K [01;31m[Kerror: [m[Kinvalid operands of types â€˜[01m[Kvoid[m[Kâ€™ and â€˜[01m[Kfloat[m[Kâ€™ to binary â€˜[01m[Koperator>[m[Kâ€™
[5.199s]   401 |             if([32m[Kabs_val(msg_yaw)[m[K [01;31m[K>[m[K [34m[K0.05f[m[K){
[5.199s]       |                [32m[K~~~~~~~~~~~~~~~~[m[K [01;31m[K^[m[K [34m[K~~~~~[m[K
[5.199s]       |                       [32m[K|[m[K           [34m[K|[m[K
[5.199s]       |                       [32m[Kvoid[m[K        [34m[Kfloat[m[K
[5.199s] gmake[2]: *** [CMakeFiles/yaw_control.dir/build.make:76: CMakeFiles/yaw_control.dir/src/mother_yaw.cpp.o] Error 1
[5.199s] gmake[1]: *** [CMakeFiles/Makefile2:249: CMakeFiles/yaw_control.dir/all] Error 2
[5.199s] gmake: *** [Makefile:146: all] Error 2
[5.201s] Invoked command in '/home/azidozide/px4_sitl_ws/build/object_tracking_cpp' returned '2': CMAKE_PREFIX_PATH=/home/azidozide/px4_sitl_ws/install/object_tracker:/opt/ros/humble:/home/azidozide/px4_sitl_ws/install/swarm_control:/home/azidozide/px4_sitl_ws/install/px4_msgs:/home/azidozide/px4_sitl_ws/install/object_tracking_cpp:/home/azidozide/px4_sitl_ws/install/mapping:/home/azidozide/px4_sitl_ws/install/integrated_drone_mapping:/home/azidozide/px4_sitl_ws/install/mine_mapping /usr/bin/cmake --build /home/azidozide/px4_sitl_ws/build/object_tracking_cpp -- -j24 -l24
