[0.233s] Invoking command in '/home/azidozide/px4_sitl_ws/build/mine_mapping': CMAKE_PREFIX_PATH=${CMAKE_PREFIX_PATH}:/home/azidozide/px4_sitl_ws/install/object_tracker:/home/azidozide/px4_sitl_ws/install/mapping:/opt/ros/humble /usr/bin/cmake --build /home/azidozide/px4_sitl_ws/build/mine_mapping -- -j24 -l24
[0.457s] [35m[1mConsolidate compiler generated dependencies of target map_generator[0m
[0.457s] [ 25%] [32mBuilding CXX object CMakeFiles/map_generator.dir/src/map_generator.cpp.o[0m
[2.796s] [01m[K/home/azidozide/px4_sitl_ws/src/mine_mapping/src/map_generator.cpp:[m[K In member function â€˜[01m[Kvoid MapGen::update_map(const cv::Mat&, const DronePose&)[m[Kâ€™:
[2.796s] [01m[K/home/azidozide/px4_sitl_ws/src/mine_mapping/src/map_generator.cpp:83:38:[m[K [01;31m[Kerror: [m[Kâ€˜[01m[Kpixel_x[m[Kâ€™ was not declared in this scope
[2.796s]    83 |                            cv::Point([01;31m[Kpixel_x[m[K, pixel_y-15), cv::FONT_HERSHEY_SIMPLEX,
[2.796s]       |                                      [01;31m[K^~~~~~~[m[K
[2.801s] [01m[K/home/azidozide/px4_sitl_ws/src/mine_mapping/src/map_generator.cpp:83:47:[m[K [01;31m[Kerror: [m[Kâ€˜[01m[Kpixel_y[m[Kâ€™ was not declared in this scope
[2.801s]    83 |                            cv::Point(pixel_x, [01;31m[Kpixel_y[m[K-15), cv::FONT_HERSHEY_SIMPLEX,
[2.801s]       |                                               [01;31m[K^~~~~~~[m[K
[3.770s] gmake[2]: *** [CMakeFiles/map_generator.dir/build.make:76: CMakeFiles/map_generator.dir/src/map_generator.cpp.o] Error 1
[3.771s] gmake[1]: *** [CMakeFiles/Makefile2:139: CMakeFiles/map_generator.dir/all] Error 2
[3.771s] gmake: *** [Makefile:146: all] Error 2
[3.773s] Invoked command in '/home/azidozide/px4_sitl_ws/build/mine_mapping' returned '2': CMAKE_PREFIX_PATH=${CMAKE_PREFIX_PATH}:/home/azidozide/px4_sitl_ws/install/object_tracker:/home/azidozide/px4_sitl_ws/install/mapping:/opt/ros/humble /usr/bin/cmake --build /home/azidozide/px4_sitl_ws/build/mine_mapping -- -j24 -l24
