[0.005s] Invoking command in '/home/azidozide/px4_sitl_ws/build/mapping': AMENT_PREFIX_PATH=/home/azidozide/px4_sitl_ws/install/px4_msgs CMAKE_PREFIX_PATH=/home/azidozide/px4_sitl_ws/install/px4_msgs LD_LIBRARY_PATH=/home/azidozide/px4_sitl_ws/install/px4_msgs/lib PYTHONPATH=/home/azidozide/px4_sitl_ws/install/px4_msgs/local/lib/python3.10/dist-packages /usr/bin/cmake --build /home/azidozide/px4_sitl_ws/build/mapping -- -j24 -l24
[0.024s] -- Found ament_cmake: 1.3.12 (/opt/ros/humble/share/ament_cmake/cmake)
[0.123s] Traceback (most recent call last):
[0.123s]   File "/opt/ros/humble/share/ament_cmake_core/cmake/package_templates/templates_2_cmake.py", line 21, in <module>
[0.123s]     from ament_package.templates import get_environment_hook_template_path
[0.123s] ModuleNotFoundError: No module named 'ament_package'
[0.130s] [31mCMake Error at /opt/ros/humble/share/ament_cmake_core/cmake/ament_cmake_package_templates-extras.cmake:41 (message):
[0.130s]   execute_process(/usr/bin/python3
[0.130s]   /opt/ros/humble/share/ament_cmake_core/cmake/package_templates/templates_2_cmake.py
[0.130s]   /home/azidozide/px4_sitl_ws/build/mapping/ament_cmake_package_templates/templates.cmake)
[0.130s]   returned error code 1
[0.130s] Call Stack (most recent call first):
[0.130s]   /opt/ros/humble/share/ament_cmake_core/cmake/ament_cmake_coreConfig.cmake:41 (include)
[0.130s]   /opt/ros/humble/share/ament_cmake/cmake/ament_cmake_export_dependencies-extras.cmake:15 (find_package)
[0.130s]   /opt/ros/humble/share/ament_cmake/cmake/ament_cmakeConfig.cmake:41 (include)
[0.130s]   CMakeLists.txt:8 (find_package)
[0.130s] 
[0.130s] [0m
[0.130s] -- Configuring incomplete, errors occurred!
[0.130s] See also "/home/azidozide/px4_sitl_ws/build/mapping/CMakeFiles/CMakeOutput.log".
[0.132s] gmake: *** [Makefile:349: cmake_check_build_system] Error 1
[0.133s] Invoked command in '/home/azidozide/px4_sitl_ws/build/mapping' returned '2': AMENT_PREFIX_PATH=/home/azidozide/px4_sitl_ws/install/px4_msgs CMAKE_PREFIX_PATH=/home/azidozide/px4_sitl_ws/install/px4_msgs LD_LIBRARY_PATH=/home/azidozide/px4_sitl_ws/install/px4_msgs/lib PYTHONPATH=/home/azidozide/px4_sitl_ws/install/px4_msgs/local/lib/python3.10/dist-packages /usr/bin/cmake --build /home/azidozide/px4_sitl_ws/build/mapping -- -j24 -l24
