[0.012s] Invoking command in '/home/azidozide/px4_sitl_ws/build/object_tracking_cpp': CMAKE_PREFIX_PATH=/home/azidozide/px4_sitl_ws/install/object_tracker:/opt/ros/humble:/home/azidozide/px4_sitl_ws/install/swarm_control:/home/azidozide/px4_sitl_ws/install/px4_msgs:/home/azidozide/px4_sitl_ws/install/object_tracking_cpp:/home/azidozide/px4_sitl_ws/install/mapping:/home/azidozide/px4_sitl_ws/install/integrated_drone_mapping:/home/azidozide/px4_sitl_ws/install/mine_mapping /usr/bin/cmake --build /home/azidozide/px4_sitl_ws/build/object_tracking_cpp -- -j24 -l24
[0.042s] [35m[1mConsolidate compiler generated dependencies of target yaw_control[0m
[0.054s] [ 20%] Built target follower_1
[0.055s] [ 40%] Built target follower_3
[0.055s] [ 60%] Built target mothernode
[0.056s] [ 70%] [32mBuilding CXX object CMakeFiles/yaw_control.dir/src/mother_yaw.cpp.o[0m
[0.058s] [ 90%] Built target follower_2
[3.279s] [01m[K/home/azidozide/px4_sitl_ws/src/object_tracking_cpp/src/mother_yaw.cpp:[m[K In member function â€˜[01m[Kvoid MothernodeYaw::abs_val(float)[m[Kâ€™:
[3.279s] [01m[K/home/azidozide/px4_sitl_ws/src/object_tracking_cpp/src/mother_yaw.cpp:31:16:[m[K [01;31m[Kerror: [m[Kreturn-statement with a value, in function returning â€˜[01m[Kvoid[m[Kâ€™ [[01;31m[K-fpermissive[m[K]
[3.279s]    31 |         return [01;31m[K-x[m[K;
[3.279s]       |                [01;31m[K^~[m[K
[3.279s] [01m[K/home/azidozide/px4_sitl_ws/src/object_tracking_cpp/src/mother_yaw.cpp:33:14:[m[K [01;31m[Kerror: [m[Kreturn-statement with a value, in function returning â€˜[01m[Kvoid[m[Kâ€™ [[01;31m[K-fpermissive[m[K]
[3.279s]    33 |       return [01;31m[Kx[m[K;
[3.279s]       |              [01;31m[K^[m[K
[3.279s] [01m[K/home/azidozide/px4_sitl_ws/src/object_tracking_cpp/src/mother_yaw.cpp:[m[K In member function â€˜[01m[Kvoid MothernodeYaw::yaw_callback(std_msgs::msg::Float32_<std::allocator<void> >::SharedPtr) const[m[Kâ€™:
[3.279s] [01m[K/home/azidozide/px4_sitl_ws/src/object_tracking_cpp/src/mother_yaw.cpp:38:16:[m[K [01;31m[Kerror: [m[Kassignment of member â€˜[01m[KMothernodeYaw::yaw_rate[m[Kâ€™ in read-only object
[3.279s]    38 |       [01;31m[Kyaw_rate = 0.0[m[K;
[3.279s]       |       [01;31m[K~~~~~~~~~^~~~~[m[K
[3.279s] [01m[K/home/azidozide/px4_sitl_ws/src/object_tracking_cpp/src/mother_yaw.cpp:39:17:[m[K [01;31m[Kerror: [m[Kpassing â€˜[01m[Kconst MothernodeYaw[m[Kâ€™ as â€˜[01m[Kthis[m[Kâ€™ argument discards qualifiers [[01;31m[K-fpermissive[m[K]
[3.279s]    39 |       if([01;31m[Kabs_val(msg->data)[m[K > 0.05){
[3.279s]       |          [01;31m[K~~~~~~~^~~~~~~~~~~[m[K
[3.279s] [01m[K/home/azidozide/px4_sitl_ws/src/object_tracking_cpp/src/mother_yaw.cpp:29:10:[m[K [01;36m[Knote: [m[K  in call to â€˜[01m[Kvoid MothernodeYaw::abs_val(float)[m[Kâ€™
[3.279s]    29 |     void [01;36m[Kabs_val[m[K(float x){
[3.279s]       |          [01;36m[K^~~~~~~[m[K
[3.279s] [01m[K/home/azidozide/px4_sitl_ws/src/object_tracking_cpp/src/mother_yaw.cpp:39:29:[m[K [01;31m[Kerror: [m[Kinvalid operands of types â€˜[01m[Kvoid[m[Kâ€™ and â€˜[01m[Kdouble[m[Kâ€™ to binary â€˜[01m[Koperator>[m[Kâ€™
[3.279s]    39 |       if([32m[Kabs_val(msg->data)[m[K [01;31m[K>[m[K [34m[K0.05[m[K){
[3.279s]       |          [32m[K~~~~~~~~~~~~~~~~~~[m[K [01;31m[K^[m[K [34m[K~~~~[m[K
[3.279s]       |                 [32m[K|[m[K             [34m[K|[m[K
[3.279s]       |                 [32m[Kvoid[m[K          [34m[Kdouble[m[K
[3.280s] [01m[K/home/azidozide/px4_sitl_ws/src/object_tracking_cpp/src/mother_yaw.cpp:40:18:[m[K [01;31m[Kerror: [m[Kassignment of member â€˜[01m[KMothernodeYaw::yaw_rate[m[Kâ€™ in read-only object
[3.280s]    40 |         [01;31m[Kyaw_rate = (msg->data<0)? -0.1 : 0.1[m[K;
[3.280s]       |         [01;31m[K~~~~~~~~~^~~~~~~~~~~~~~~~~~~~~~~~~~~[m[K
[3.280s] [01m[K/home/azidozide/px4_sitl_ws/src/object_tracking_cpp/src/mother_yaw.cpp:43:12:[m[K [01;31m[Kerror: [m[Kdeclaration of â€˜[01m[Kauto msg[m[Kâ€™ shadows a parameter
[3.280s]    43 |       auto [01;31m[Kmsg[m[K = px4_msgs::msg::TrajectorySetpoint();
[3.280s]       |            [01;31m[K^~~[m[K
[3.280s] [01m[K/home/azidozide/px4_sitl_ws/src/object_tracking_cpp/src/mother_yaw.cpp:36:63:[m[K [01;36m[Knote: [m[Kâ€˜[01m[Kconst SharedPtr msg[m[Kâ€™ previously declared here
[3.280s]    36 |     void yaw_callback([01;36m[Kconst std_msgs::msg::Float32::SharedPtr msg[m[K) const
[3.280s]       |                       [01;36m[K~~~~~~~~~~~~~~~~~~~~~~~~~~~~~~~~~~~~~~~~^~~[m[K
[3.280s] [01m[K/home/azidozide/px4_sitl_ws/src/object_tracking_cpp/src/mother_yaw.cpp:44:45:[m[K [01;31m[Kerror: [m[Kpassing â€˜[01m[Kstd::__shared_ptr_access<const rclcpp::Clock, __gnu_cxx::_S_atomic, false, false>::element_type[m[Kâ€™ {aka â€˜[01m[Kconst rclcpp::Clock[m[Kâ€™} as â€˜[01m[Kthis[m[Kâ€™ argument discards qualifiers [[01;31m[K-fpermissive[m[K]
[3.280s]    44 |       msg.timestamp = [01;31m[Kthis->get_clock()->now()[m[K.nanoseconds() / 1000;  // [us]
[3.280s]       |                       [01;31m[K~~~~~~~~~~~~~~~~~~~~~~^~[m[K
[3.280s] In file included from [01m[K/opt/ros/humble/include/rclcpp/rclcpp/timer.hpp:27[m[K,
[3.280s]                  from [01m[K/opt/ros/humble/include/rclcpp/rclcpp/callback_group.hpp:30[m[K,
[3.280s]                  from [01m[K/opt/ros/humble/include/rclcpp/rclcpp/any_executable.hpp:20[m[K,
[3.280s]                  from [01m[K/opt/ros/humble/include/rclcpp/rclcpp/memory_strategy.hpp:25[m[K,
[3.280s]                  from [01m[K/opt/ros/humble/include/rclcpp/rclcpp/memory_strategies.hpp:18[m[K,
[3.280s]                  from [01m[K/opt/ros/humble/include/rclcpp/rclcpp/executor_options.hpp:20[m[K,
[3.280s]                  from [01m[K/opt/ros/humble/include/rclcpp/rclcpp/executor.hpp:37[m[K,
[3.280s]                  from [01m[K/opt/ros/humble/include/rclcpp/rclcpp/executors/multi_threaded_executor.hpp:25[m[K,
[3.280s]                  from [01m[K/opt/ros/humble/include/rclcpp/rclcpp/executors.hpp:21[m[K,
[3.280s]                  from [01m[K/opt/ros/humble/include/rclcpp/rclcpp/rclcpp.hpp:155[m[K,
[3.280s]                  from [01m[K/home/azidozide/px4_sitl_ws/src/object_tracking_cpp/src/mother_yaw.cpp:3[m[K:
[3.280s] [01m[K/opt/ros/humble/include/rclcpp/rclcpp/clock.hpp:87:3:[m[K [01;36m[Knote: [m[K  in call to â€˜[01m[Krclcpp::Time rclcpp::Clock::now()[m[Kâ€™
[3.280s]    87 |   [01;36m[Know[m[K();
[3.280s]       |   [01;36m[K^~~[m[K
[3.280s] [01m[K/home/azidozide/px4_sitl_ws/src/object_tracking_cpp/src/mother_yaw.cpp:52:11:[m[K [01;31m[Kerror: [m[Kâ€˜[01m[Kstruct px4_msgs::msg::TrajectorySetpoint_<std::allocator<void> >[m[Kâ€™ has no member named â€˜[01m[Kyawrate[m[Kâ€™
[3.280s]    52 |       msg.[01;31m[Kyawrate[m[K = yaw_rate;
[3.280s]       |           [01;31m[K^~~~~~~[m[K
[3.280s] gmake[2]: *** [CMakeFiles/yaw_control.dir/build.make:76: CMakeFiles/yaw_control.dir/src/mother_yaw.cpp.o] Error 1
[3.280s] gmake[1]: *** [CMakeFiles/Makefile2:249: CMakeFiles/yaw_control.dir/all] Error 2
[3.281s] gmake: *** [Makefile:146: all] Error 2
[3.283s] Invoked command in '/home/azidozide/px4_sitl_ws/build/object_tracking_cpp' returned '2': CMAKE_PREFIX_PATH=/home/azidozide/px4_sitl_ws/install/object_tracker:/opt/ros/humble:/home/azidozide/px4_sitl_ws/install/swarm_control:/home/azidozide/px4_sitl_ws/install/px4_msgs:/home/azidozide/px4_sitl_ws/install/object_tracking_cpp:/home/azidozide/px4_sitl_ws/install/mapping:/home/azidozide/px4_sitl_ws/install/integrated_drone_mapping:/home/azidozide/px4_sitl_ws/install/mine_mapping /usr/bin/cmake --build /home/azidozide/px4_sitl_ws/build/object_tracking_cpp -- -j24 -l24
