[0.013s] Invoking command in '/home/azidozide/px4_sitl_ws/build/object_tracking_cpp': CMAKE_PREFIX_PATH=/home/azidozide/px4_sitl_ws/install/object_tracker:/opt/ros/humble:/home/azidozide/px4_sitl_ws/install/swarm_control:/home/azidozide/px4_sitl_ws/install/px4_msgs:/home/azidozide/px4_sitl_ws/install/object_tracking_cpp:/home/azidozide/px4_sitl_ws/install/mapping:/home/azidozide/px4_sitl_ws/install/integrated_drone_mapping:/home/azidozide/px4_sitl_ws/install/mine_mapping /usr/bin/cmake --build /home/azidozide/px4_sitl_ws/build/object_tracking_cpp -- -j24 -l24
[0.056s] [35m[1mConsolidate compiler generated dependencies of target follower_2[0m
[0.056s] [35m[1mConsolidate compiler generated dependencies of target follower_1[0m
[0.057s] [35m[1mConsolidate compiler generated dependencies of target follower_3[0m
[0.076s] [ 12%] [32mBuilding CXX object CMakeFiles/mothernode.dir/src/mothernode.cpp.o[0m
[0.080s] [ 37%] Built target follower_2
[0.081s] [ 62%] Built target follower_3
[0.081s] [ 87%] Built target follower_1
[6.694s] [01m[K/home/azidozide/px4_sitl_ws/src/object_tracking_cpp/src/mothernode.cpp:389:79:[m[K [01;31m[Kerror: [m[Kexpected identifier before â€˜[01m[K&[m[Kâ€™ token
[6.695s]   389 |                        double &error_vx, double &error_vy, double &error_vz , [01;31m[K&[m[Kintegrate_error_x , &integrate_error_y , &integrate_error_z)
[6.695s]       |                                                                               [01;31m[K^[m[K
[6.695s] [01m[K/home/azidozide/px4_sitl_ws/src/object_tracking_cpp/src/mothernode.cpp:389:100:[m[K [01;31m[Kerror: [m[Kexpected identifier before â€˜[01m[K&[m[Kâ€™ token
[6.695s]   389 |                        double &error_vx, double &error_vy, double &error_vz , &integrate_error_x , [01;31m[K&[m[Kintegrate_error_y , &integrate_error_z)
[6.695s]       |                                                                                                    [01;31m[K^[m[K
[6.695s] [01m[K/home/azidozide/px4_sitl_ws/src/object_tracking_cpp/src/mothernode.cpp:389:121:[m[K [01;31m[Kerror: [m[Kexpected identifier before â€˜[01m[K&[m[Kâ€™ token
[6.695s]   389 |                        double &error_vx, double &error_vy, double &error_vz , &integrate_error_x , &integrate_error_y , [01;31m[K&[m[Kintegrate_error_z)
[6.695s]       |                                                                                                                         [01;31m[K^[m[K
[6.695s] [01m[K/home/azidozide/px4_sitl_ws/src/object_tracking_cpp/src/mothernode.cpp:[m[K In constructor â€˜[01m[KOffboard::Offboard()[m[Kâ€™:
[6.695s] [01m[K/home/azidozide/px4_sitl_ws/src/object_tracking_cpp/src/mothernode.cpp:533:47:[m[K [01;35m[Kwarning: [m[Kâ€˜[01m[KOffboard::vehicle_odometry_[m[Kâ€™ will be initialized after [[01;35m[K-Wreorder[m[K]
[6.695s]   533 |     px4_msgs::msg::VehicleOdometry::SharedPtr [01;35m[Kvehicle_odometry_[m[K;
[6.695s]       |                                               [01;35m[K^~~~~~~~~~~~~~~~~[m[K
[6.695s] [01m[K/home/azidozide/px4_sitl_ws/src/object_tracking_cpp/src/mothernode.cpp:518:11:[m[K [01;35m[Kwarning: [m[K  â€˜[01m[Kfloat Offboard::takeoff_height_[m[Kâ€™ [[01;35m[K-Wreorder[m[K]
[6.695s]   518 |     float [01;35m[Ktakeoff_height_[m[K;
[6.695s]       |           [01;35m[K^~~~~~~~~~~~~~~[m[K
[6.695s] [01m[K/home/azidozide/px4_sitl_ws/src/object_tracking_cpp/src/mothernode.cpp:47:5:[m[K [01;35m[Kwarning: [m[K  when initialized here [[01;35m[K-Wreorder[m[K]
[6.695s]    47 |     [01;35m[KOffboard[m[K()
[6.695s]       |     [01;35m[K^~~~~~~~[m[K
[6.695s] [01m[K/home/azidozide/px4_sitl_ws/src/object_tracking_cpp/src/mothernode.cpp:[m[K In member function â€˜[01m[Kvoid Offboard::compute_error(double&, double&, double&, double&, double&, double&, int&, int&, int&)[m[Kâ€™:
[6.695s] [01m[K/home/azidozide/px4_sitl_ws/src/object_tracking_cpp/src/mothernode.cpp:389:80:[m[K [01;35m[Kwarning: [m[Kunused parameter â€˜[01m[Kintegrate_error_x[m[Kâ€™ [[01;35m[K-Wunused-parameter[m[K]
[6.695s]   389 |                        double &error_vx, double &error_vy, double &error_vz , [01;35m[K&integrate_error_x[m[K , &integrate_error_y , &integrate_error_z)
[6.695s]       |                                                                               [01;35m[K~^~~~~~~~~~~~~~~~~[m[K
[6.695s] [01m[K/home/azidozide/px4_sitl_ws/src/object_tracking_cpp/src/mothernode.cpp:389:101:[m[K [01;35m[Kwarning: [m[Kunused parameter â€˜[01m[Kintegrate_error_y[m[Kâ€™ [[01;35m[K-Wunused-parameter[m[K]
[6.695s]   389 |                        double &error_vx, double &error_vy, double &error_vz , &integrate_error_x , [01;35m[K&integrate_error_y[m[K , &integrate_error_z)
[6.695s]       |                                                                                                    [01;35m[K~^~~~~~~~~~~~~~~~~[m[K
[6.695s] [01m[K/home/azidozide/px4_sitl_ws/src/object_tracking_cpp/src/mothernode.cpp:389:122:[m[K [01;35m[Kwarning: [m[Kunused parameter â€˜[01m[Kintegrate_error_z[m[Kâ€™ [[01;35m[K-Wunused-parameter[m[K]
[6.695s]   389 |                        double &error_vx, double &error_vy, double &error_vz , &integrate_error_x , &integrate_error_y , [01;35m[K&integrate_error_z[m[K)
[6.695s]       |                                                                                                                         [01;35m[K~^~~~~~~~~~~~~~~~~[m[K
[6.695s] [01m[K/home/azidozide/px4_sitl_ws/src/object_tracking_cpp/src/mothernode.cpp:[m[K In member function â€˜[01m[Kvoid Offboard::tracking_pp_controller(double&, double&, double&)[m[Kâ€™:
[6.695s] [01m[K/home/azidozide/px4_sitl_ws/src/object_tracking_cpp/src/mothernode.cpp:431:22:[m[K [01;31m[Kerror: [m[Kno matching function for call to â€˜[01m[KOffboard::compute_error(double&, double&, double&, double&, double&, double&)[m[Kâ€™
[6.695s]   431 |         [01;31m[Kcompute_error(ex, ey, ez, evx, evy, evz)[m[K;
[6.695s]       |         [01;31m[K~~~~~~~~~~~~~^~~~~~~~~~~~~~~~~~~~~~~~~~~[m[K
[6.695s] [01m[K/home/azidozide/px4_sitl_ws/src/object_tracking_cpp/src/mothernode.cpp:388:10:[m[K [01;36m[Knote: [m[Kcandidate: â€˜[01m[Kvoid Offboard::compute_error(double&, double&, double&, double&, double&, double&, int&, int&, int&)[m[Kâ€™
[6.695s]   388 |     void [01;36m[Kcompute_error[m[K(double &error_x, double &error_y, double &error_z,
[6.695s]       |          [01;36m[K^~~~~~~~~~~~~[m[K
[6.696s] [01m[K/home/azidozide/px4_sitl_ws/src/object_tracking_cpp/src/mothernode.cpp:388:10:[m[K [01;36m[Knote: [m[K  candidate expects 9 arguments, 6 provided
[6.696s] [01m[K/home/azidozide/px4_sitl_ws/src/object_tracking_cpp/src/mothernode.cpp:[m[K In member function â€˜[01m[Kvoid Offboard::command_loop()[m[Kâ€™:
[6.696s] [01m[K/home/azidozide/px4_sitl_ws/src/object_tracking_cpp/src/mothernode.cpp:495:26:[m[K [01;31m[Kerror: [m[Kno matching function for call to â€˜[01m[KOffboard::compute_error(double&, double&, double&, double&, double&, double&)[m[Kâ€™
[6.696s]   495 |             [01;31m[Kcompute_error(ex, ey, ez, evx, evy, evz)[m[K;
[6.696s]       |             [01;31m[K~~~~~~~~~~~~~^~~~~~~~~~~~~~~~~~~~~~~~~~~[m[K
[6.696s] [01m[K/home/azidozide/px4_sitl_ws/src/object_tracking_cpp/src/mothernode.cpp:388:10:[m[K [01;36m[Knote: [m[Kcandidate: â€˜[01m[Kvoid Offboard::compute_error(double&, double&, double&, double&, double&, double&, int&, int&, int&)[m[Kâ€™
[6.696s]   388 |     void [01;36m[Kcompute_error[m[K(double &error_x, double &error_y, double &error_z,
[6.696s]       |          [01;36m[K^~~~~~~~~~~~~[m[K
[6.696s] [01m[K/home/azidozide/px4_sitl_ws/src/object_tracking_cpp/src/mothernode.cpp:388:10:[m[K [01;36m[Knote: [m[K  candidate expects 9 arguments, 6 provided
[6.704s] gmake[2]: *** [CMakeFiles/mothernode.dir/build.make:76: CMakeFiles/mothernode.dir/src/mothernode.cpp.o] Error 1
[6.704s] gmake[1]: *** [CMakeFiles/Makefile2:143: CMakeFiles/mothernode.dir/all] Error 2
[6.705s] gmake: *** [Makefile:146: all] Error 2
[6.706s] Invoked command in '/home/azidozide/px4_sitl_ws/build/object_tracking_cpp' returned '2': CMAKE_PREFIX_PATH=/home/azidozide/px4_sitl_ws/install/object_tracker:/opt/ros/humble:/home/azidozide/px4_sitl_ws/install/swarm_control:/home/azidozide/px4_sitl_ws/install/px4_msgs:/home/azidozide/px4_sitl_ws/install/object_tracking_cpp:/home/azidozide/px4_sitl_ws/install/mapping:/home/azidozide/px4_sitl_ws/install/integrated_drone_mapping:/home/azidozide/px4_sitl_ws/install/mine_mapping /usr/bin/cmake --build /home/azidozide/px4_sitl_ws/build/object_tracking_cpp -- -j24 -l24
