[01m[K/home/azidozide/px4_sitl_ws/src/object_tracking_cpp/src/mother_yaw.cpp:[m[K In constructor â€˜[01m[KMothernodeYaw::MothernodeYaw()[m[Kâ€™:
[01m[K/home/azidozide/px4_sitl_ws/src/object_tracking_cpp/src/mother_yaw.cpp:19:26:[m[K [01;31m[Kerror: [m[Kno matching function for call to â€˜[01m[Krclcpp::QoS::keep_last()[m[Kâ€™
   19 |     [01;31m[Kqos_profile.keep_last()[m[K;
      |     [01;31m[K~~~~~~~~~~~~~~~~~~~~~^~[m[K
In file included from [01m[K/opt/ros/humble/include/rclcpp/rclcpp/node_interfaces/node_graph_interface.hpp:32[m[K,
                 from [01m[K/opt/ros/humble/include/rclcpp/rclcpp/client.hpp:42[m[K,
                 from [01m[K/opt/ros/humble/include/rclcpp/rclcpp/callback_group.hpp:24[m[K,
                 from [01m[K/opt/ros/humble/include/rclcpp/rclcpp/any_executable.hpp:20[m[K,
                 from [01m[K/opt/ros/humble/include/rclcpp/rclcpp/memory_strategy.hpp:25[m[K,
                 from [01m[K/opt/ros/humble/include/rclcpp/rclcpp/memory_strategies.hpp:18[m[K,
                 from [01m[K/opt/ros/humble/include/rclcpp/rclcpp/executor_options.hpp:20[m[K,
                 from [01m[K/opt/ros/humble/include/rclcpp/rclcpp/executor.hpp:37[m[K,
                 from [01m[K/opt/ros/humble/include/rclcpp/rclcpp/executors/multi_threaded_executor.hpp:25[m[K,
                 from [01m[K/opt/ros/humble/include/rclcpp/rclcpp/executors.hpp:21[m[K,
                 from [01m[K/opt/ros/humble/include/rclcpp/rclcpp/rclcpp.hpp:155[m[K,
                 from [01m[K/home/azidozide/px4_sitl_ws/src/object_tracking_cpp/src/mother_yaw.cpp:5[m[K:
[01m[K/opt/ros/humble/include/rclcpp/rclcpp/qos.hpp:161:3:[m[K [01;36m[Knote: [m[Kcandidate: â€˜[01m[Krclcpp::QoS& rclcpp::QoS::keep_last(size_t)[m[Kâ€™
  161 |   [01;36m[Kkeep_last[m[K(size_t depth);
      |   [01;36m[K^~~~~~~~~[m[K
[01m[K/opt/ros/humble/include/rclcpp/rclcpp/qos.hpp:161:3:[m[K [01;36m[Knote: [m[K  candidate expects 1 argument, 0 provided
[01m[K/home/azidozide/px4_sitl_ws/src/object_tracking_cpp/src/mother_yaw.cpp:[m[K In member function â€˜[01m[Kvoid MothernodeYaw::publish_offboard_mode(bool)[m[Kâ€™:
[01m[K/home/azidozide/px4_sitl_ws/src/object_tracking_cpp/src/mother_yaw.cpp:62:9:[m[K [01;31m[Kerror: [m[Kâ€˜[01m[Kstruct px4_msgs::msg::OffboardControlMode_<std::allocator<void> >[m[Kâ€™ has no member named â€˜[01m[Kyaw_rate[m[Kâ€™
   62 |     msg.[01;31m[Kyaw_rate[m[K = use_yaw_rate;
      |         [01;31m[K^~~~~~~~[m[K
gmake[2]: *** [CMakeFiles/yaw_control.dir/build.make:76: CMakeFiles/yaw_control.dir/src/mother_yaw.cpp.o] Error 1
gmake[1]: *** [CMakeFiles/Makefile2:249: CMakeFiles/yaw_control.dir/all] Error 2
gmake: *** [Makefile:146: all] Error 2
