[01m[K/home/azidozide/px4_sitl_ws/src/object_tracking_cpp/src/mothernode.cpp:[m[K In constructor â€˜[01m[KOffboard::Offboard()[m[Kâ€™:
[01m[K/home/azidozide/px4_sitl_ws/src/object_tracking_cpp/src/mothernode.cpp:75:7:[m[K [01;31m[Kerror: [m[Kclass â€˜[01m[KOffboard[m[Kâ€™ does not have any field named â€˜[01m[Kuse_ez_override_[m[Kâ€™
   75 |       [01;31m[Kuse_ez_override_[m[K(true),
      |       [01;31m[K^~~~~~~~~~~~~~~~[m[K
[01m[K/home/azidozide/px4_sitl_ws/src/object_tracking_cpp/src/mothernode.cpp:565:47:[m[K [01;35m[Kwarning: [m[Kâ€˜[01m[KOffboard::vehicle_odometry_[m[Kâ€™ will be initialized after [[01;35m[K-Wreorder[m[K]
  565 |     px4_msgs::msg::VehicleOdometry::SharedPtr [01;35m[Kvehicle_odometry_[m[K;
      |                                               [01;35m[K^~~~~~~~~~~~~~~~~[m[K
[01m[K/home/azidozide/px4_sitl_ws/src/object_tracking_cpp/src/mothernode.cpp:552:11:[m[K [01;35m[Kwarning: [m[K  â€˜[01m[Kfloat Offboard::takeoff_height_[m[Kâ€™ [[01;35m[K-Wreorder[m[K]
  552 |     float [01;35m[Ktakeoff_height_[m[K;
      |           [01;35m[K^~~~~~~~~~~~~~~[m[K
[01m[K/home/azidozide/px4_sitl_ws/src/object_tracking_cpp/src/mothernode.cpp:47:5:[m[K [01;35m[Kwarning: [m[K  when initialized here [[01;35m[K-Wreorder[m[K]
   47 |     [01;35m[KOffboard[m[K()
      |     [01;35m[K^~~~~~~~[m[K
[01m[K/home/azidozide/px4_sitl_ws/src/object_tracking_cpp/src/mothernode.cpp:[m[K In member function â€˜[01m[Kvoid Offboard::tracking_pp_controller(double&, double&, double&)[m[Kâ€™:
[01m[K/home/azidozide/px4_sitl_ws/src/object_tracking_cpp/src/mothernode.cpp:468:13:[m[K [01;31m[Kerror: [m[Kâ€˜[01m[Kuse_ez_override_[m[Kâ€™ was not declared in this scope
  468 |         if ([01;31m[Kuse_ez_override_[m[K && vehicle_odometry_) {
      |             [01;31m[K^~~~~~~~~~~~~~~~[m[K
gmake[2]: *** [CMakeFiles/mothernode.dir/build.make:76: CMakeFiles/mothernode.dir/src/mothernode.cpp.o] Error 1
gmake[1]: *** [CMakeFiles/Makefile2:137: CMakeFiles/mothernode.dir/all] Error 2
gmake: *** [Makefile:146: all] Error 2
