[0.010s] Invoking command in '/home/azidozide/px4_sitl_ws/build/mapping': CMAKE_PREFIX_PATH=${CMAKE_PREFIX_PATH}:/home/azidozide/px4_sitl_ws/install/object_tracker:/home/azidozide/px4_sitl_ws/install/mapping:/opt/ros/humble /usr/bin/cmake --build /home/azidozide/px4_sitl_ws/build/mapping -- -j24 -l24
[0.050s] [35m[1mConsolidate compiler generated dependencies of target integrated_drone_mapping_node[0m
[0.051s] [35m[1mConsolidate compiler generated dependencies of target corridor_gen_correct[0m
[0.065s] [ 50%] Built target integrated_drone_mapping_node
[0.066s] [ 75%] [32mBuilding CXX object CMakeFiles/corridor_gen_correct.dir/src/corridor_gen_correct.cpp.o[0m
[3.984s] In file included from [01m[K/opt/ros/humble/include/rclcpp/rclcpp/logging.hpp:24[m[K,
[3.984s]                  from [01m[K/opt/ros/humble/include/rclcpp/rclcpp/client.hpp:40[m[K,
[3.984s]                  from [01m[K/opt/ros/humble/include/rclcpp/rclcpp/callback_group.hpp:24[m[K,
[3.984s]                  from [01m[K/opt/ros/humble/include/rclcpp/rclcpp/any_executable.hpp:20[m[K,
[3.984s]                  from [01m[K/opt/ros/humble/include/rclcpp/rclcpp/memory_strategy.hpp:25[m[K,
[3.984s]                  from [01m[K/opt/ros/humble/include/rclcpp/rclcpp/memory_strategies.hpp:18[m[K,
[3.984s]                  from [01m[K/opt/ros/humble/include/rclcpp/rclcpp/executor_options.hpp:20[m[K,
[3.984s]                  from [01m[K/opt/ros/humble/include/rclcpp/rclcpp/executor.hpp:37[m[K,
[3.984s]                  from [01m[K/opt/ros/humble/include/rclcpp/rclcpp/executors/multi_threaded_executor.hpp:25[m[K,
[3.984s]                  from [01m[K/opt/ros/humble/include/rclcpp/rclcpp/executors.hpp:21[m[K,
[3.984s]                  from [01m[K/opt/ros/humble/include/rclcpp/rclcpp/rclcpp.hpp:155[m[K,
[3.984s]                  from [01m[K/home/azidozide/px4_sitl_ws/src/mapping/src/corridor_gen_correct.cpp:12[m[K:
[3.984s] [01m[K/home/azidozide/px4_sitl_ws/src/mapping/src/corridor_gen_correct.cpp:[m[K In function â€˜[01m[Kint main(int, char**)[m[Kâ€™:
[3.984s] [01m[K/home/azidozide/px4_sitl_ws/src/mapping/src/corridor_gen_correct.cpp:661:86:[m[K [01;31m[Kerror: [m[Kâ€˜[01m[Kstart_wait[m[Kâ€™ was not declared in this scope
[3.984s]   661 |                     std::chrono::duration<double>(std::chrono::steady_clock::now() - [01;31m[Kstart_wait[m[K).count());
[3.984s]       |                                                                                      [01;31m[K^~~~~~~~~~[m[K
[3.985s] gmake[2]: *** [CMakeFiles/corridor_gen_correct.dir/build.make:76: CMakeFiles/corridor_gen_correct.dir/src/corridor_gen_correct.cpp.o] Error 1
[3.985s] gmake[1]: *** [CMakeFiles/Makefile2:165: CMakeFiles/corridor_gen_correct.dir/all] Error 2
[3.985s] gmake: *** [Makefile:146: all] Error 2
[3.988s] Invoked command in '/home/azidozide/px4_sitl_ws/build/mapping' returned '2': CMAKE_PREFIX_PATH=${CMAKE_PREFIX_PATH}:/home/azidozide/px4_sitl_ws/install/object_tracker:/home/azidozide/px4_sitl_ws/install/mapping:/opt/ros/humble /usr/bin/cmake --build /home/azidozide/px4_sitl_ws/build/mapping -- -j24 -l24
